<?xml version="1.0" encoding="UTF-8"?>
<testsuite xmlns:xsi="http://www.w3.org/2001/XMLSchema-instance" xsi:noNamespaceSchemaLocation="https://maven.apache.org/surefire/maven-surefire-plugin/xsd/surefire-test-report-3.0.xsd" version="3.0" name="TestCompute" time="0.709" tests="3" errors="0" skipped="0" failures="0">
  <properties>
[...]
</properties>
  <testcase name="emptyQueue" classname="TestCompute" time="0.679"/>
  <testcase name="YesOccurance" classname="TestCompute" time="0.004"/>
  <testcase name="NoOccurence" classname="TestCompute" time="0"/>
</testsuite>